  Demirel_HasanKerem.cpp
C:\Users\sabri\source\repos\164_HOMEWORK_1\164_HOMEWORK_1\Demirel_HasanKerem.cpp(89,28): warning C4244: '=': conversion from 'double' to 'float', possible loss of data
C:\Users\sabri\source\repos\164_HOMEWORK_1\164_HOMEWORK_1\Demirel_HasanKerem.cpp(90,42): warning C4244: 'argument': conversion from 'double' to 'GLfloat', possible loss of data
C:\Users\sabri\source\repos\164_HOMEWORK_1\164_HOMEWORK_1\Demirel_HasanKerem.cpp(90,22): warning C4244: 'argument': conversion from 'double' to 'GLfloat', possible loss of data
C:\Users\sabri\source\repos\164_HOMEWORK_1\164_HOMEWORK_1\Demirel_HasanKerem.cpp(105,22): warning C4244: 'argument': conversion from 'int' to 'GLfloat', possible loss of data
C:\Users\sabri\source\repos\164_HOMEWORK_1\164_HOMEWORK_1\Demirel_HasanKerem.cpp(105,19): warning C4244: 'argument': conversion from 'int' to 'GLfloat', possible loss of data
C:\Users\sabri\source\repos\164_HOMEWORK_1\164_HOMEWORK_1\Demirel_HasanKerem.cpp(120,21): warning C4244: 'argument': conversion from 'int' to 'GLfloat', possible loss of data
C:\Users\sabri\source\repos\164_HOMEWORK_1\164_HOMEWORK_1\Demirel_HasanKerem.cpp(120,18): warning C4244: 'argument': conversion from 'int' to 'GLfloat', possible loss of data
C:\Users\sabri\source\repos\164_HOMEWORK_1\164_HOMEWORK_1\Demirel_HasanKerem.cpp(136,68): warning C4244: 'argument': conversion from 'int' to 'GLfloat', possible loss of data
C:\Users\sabri\source\repos\164_HOMEWORK_1\164_HOMEWORK_1\Demirel_HasanKerem.cpp(136,51): warning C4244: 'argument': conversion from 'int' to 'GLfloat', possible loss of data
C:\Users\sabri\source\repos\164_HOMEWORK_1\164_HOMEWORK_1\Demirel_HasanKerem.cpp(136,33): warning C4244: 'argument': conversion from 'int' to 'GLfloat', possible loss of data
C:\Users\sabri\source\repos\164_HOMEWORK_1\164_HOMEWORK_1\Demirel_HasanKerem.cpp(136,16): warning C4244: 'argument': conversion from 'int' to 'GLfloat', possible loss of data
C:\Users\sabri\source\repos\164_HOMEWORK_1\164_HOMEWORK_1\Demirel_HasanKerem.cpp(146,47): warning C4305: 'argument': truncation from 'double' to 'GLfloat'
C:\Users\sabri\source\repos\164_HOMEWORK_1\164_HOMEWORK_1\Demirel_HasanKerem.cpp(147,68): warning C4244: 'argument': conversion from 'int' to 'GLfloat', possible loss of data
C:\Users\sabri\source\repos\164_HOMEWORK_1\164_HOMEWORK_1\Demirel_HasanKerem.cpp(147,51): warning C4244: 'argument': conversion from 'int' to 'GLfloat', possible loss of data
C:\Users\sabri\source\repos\164_HOMEWORK_1\164_HOMEWORK_1\Demirel_HasanKerem.cpp(147,33): warning C4244: 'argument': conversion from 'int' to 'GLfloat', possible loss of data
C:\Users\sabri\source\repos\164_HOMEWORK_1\164_HOMEWORK_1\Demirel_HasanKerem.cpp(147,16): warning C4244: 'argument': conversion from 'int' to 'GLfloat', possible loss of data
C:\Users\sabri\source\repos\164_HOMEWORK_1\164_HOMEWORK_1\Demirel_HasanKerem.cpp(166,47): warning C4305: 'argument': truncation from 'double' to 'GLfloat'
C:\Users\sabri\source\repos\164_HOMEWORK_1\164_HOMEWORK_1\Demirel_HasanKerem.cpp(198,47): warning C4305: 'argument': truncation from 'double' to 'GLfloat'
C:\Users\sabri\source\repos\164_HOMEWORK_1\164_HOMEWORK_1\Demirel_HasanKerem.cpp(234,68): warning C4244: 'argument': conversion from 'int' to 'GLfloat', possible loss of data
C:\Users\sabri\source\repos\164_HOMEWORK_1\164_HOMEWORK_1\Demirel_HasanKerem.cpp(234,51): warning C4244: 'argument': conversion from 'int' to 'GLfloat', possible loss of data
C:\Users\sabri\source\repos\164_HOMEWORK_1\164_HOMEWORK_1\Demirel_HasanKerem.cpp(234,33): warning C4244: 'argument': conversion from 'int' to 'GLfloat', possible loss of data
C:\Users\sabri\source\repos\164_HOMEWORK_1\164_HOMEWORK_1\Demirel_HasanKerem.cpp(234,16): warning C4244: 'argument': conversion from 'int' to 'GLfloat', possible loss of data
C:\Users\sabri\source\repos\164_HOMEWORK_1\164_HOMEWORK_1\Demirel_HasanKerem.cpp(242,46): warning C4305: 'argument': truncation from 'double' to 'GLfloat'
C:\Users\sabri\source\repos\164_HOMEWORK_1\164_HOMEWORK_1\Demirel_HasanKerem.cpp(244,68): warning C4244: 'argument': conversion from 'int' to 'GLfloat', possible loss of data
C:\Users\sabri\source\repos\164_HOMEWORK_1\164_HOMEWORK_1\Demirel_HasanKerem.cpp(244,51): warning C4244: 'argument': conversion from 'int' to 'GLfloat', possible loss of data
C:\Users\sabri\source\repos\164_HOMEWORK_1\164_HOMEWORK_1\Demirel_HasanKerem.cpp(244,33): warning C4244: 'argument': conversion from 'int' to 'GLfloat', possible loss of data
C:\Users\sabri\source\repos\164_HOMEWORK_1\164_HOMEWORK_1\Demirel_HasanKerem.cpp(244,16): warning C4244: 'argument': conversion from 'int' to 'GLfloat', possible loss of data
C:\Users\sabri\source\repos\164_HOMEWORK_1\164_HOMEWORK_1\Demirel_HasanKerem.cpp(256,46): warning C4305: 'argument': truncation from 'double' to 'GLfloat'
C:\Users\sabri\source\repos\164_HOMEWORK_1\164_HOMEWORK_1\Demirel_HasanKerem.cpp(258,75): warning C4244: 'argument': conversion from 'int' to 'GLfloat', possible loss of data
C:\Users\sabri\source\repos\164_HOMEWORK_1\164_HOMEWORK_1\Demirel_HasanKerem.cpp(258,56): warning C4244: 'argument': conversion from 'int' to 'GLfloat', possible loss of data
C:\Users\sabri\source\repos\164_HOMEWORK_1\164_HOMEWORK_1\Demirel_HasanKerem.cpp(258,36): warning C4244: 'argument': conversion from 'int' to 'GLfloat', possible loss of data
C:\Users\sabri\source\repos\164_HOMEWORK_1\164_HOMEWORK_1\Demirel_HasanKerem.cpp(258,17): warning C4244: 'argument': conversion from 'int' to 'GLfloat', possible loss of data
C:\Users\sabri\source\repos\164_HOMEWORK_1\164_HOMEWORK_1\Demirel_HasanKerem.cpp(271,46): warning C4305: 'argument': truncation from 'double' to 'GLfloat'
C:\Users\sabri\source\repos\164_HOMEWORK_1\164_HOMEWORK_1\Demirel_HasanKerem.cpp(273,75): warning C4244: 'argument': conversion from 'int' to 'GLfloat', possible loss of data
C:\Users\sabri\source\repos\164_HOMEWORK_1\164_HOMEWORK_1\Demirel_HasanKerem.cpp(273,56): warning C4244: 'argument': conversion from 'int' to 'GLfloat', possible loss of data
C:\Users\sabri\source\repos\164_HOMEWORK_1\164_HOMEWORK_1\Demirel_HasanKerem.cpp(273,36): warning C4244: 'argument': conversion from 'int' to 'GLfloat', possible loss of data
C:\Users\sabri\source\repos\164_HOMEWORK_1\164_HOMEWORK_1\Demirel_HasanKerem.cpp(273,17): warning C4244: 'argument': conversion from 'int' to 'GLfloat', possible loss of data
C:\Users\sabri\source\repos\164_HOMEWORK_1\164_HOMEWORK_1\Demirel_HasanKerem.cpp(297,46): warning C4305: 'argument': truncation from 'double' to 'GLfloat'
C:\Users\sabri\source\repos\164_HOMEWORK_1\164_HOMEWORK_1\Demirel_HasanKerem.cpp(299,75): warning C4244: 'argument': conversion from 'int' to 'GLfloat', possible loss of data
C:\Users\sabri\source\repos\164_HOMEWORK_1\164_HOMEWORK_1\Demirel_HasanKerem.cpp(299,56): warning C4244: 'argument': conversion from 'int' to 'GLfloat', possible loss of data
C:\Users\sabri\source\repos\164_HOMEWORK_1\164_HOMEWORK_1\Demirel_HasanKerem.cpp(299,36): warning C4244: 'argument': conversion from 'int' to 'GLfloat', possible loss of data
C:\Users\sabri\source\repos\164_HOMEWORK_1\164_HOMEWORK_1\Demirel_HasanKerem.cpp(299,17): warning C4244: 'argument': conversion from 'int' to 'GLfloat', possible loss of data
C:\Users\sabri\source\repos\164_HOMEWORK_1\164_HOMEWORK_1\Demirel_HasanKerem.cpp(313,46): warning C4305: 'argument': truncation from 'double' to 'GLfloat'
C:\Users\sabri\source\repos\164_HOMEWORK_1\164_HOMEWORK_1\Demirel_HasanKerem.cpp(315,77): warning C4244: 'argument': conversion from 'int' to 'GLfloat', possible loss of data
C:\Users\sabri\source\repos\164_HOMEWORK_1\164_HOMEWORK_1\Demirel_HasanKerem.cpp(315,58): warning C4244: 'argument': conversion from 'int' to 'GLfloat', possible loss of data
C:\Users\sabri\source\repos\164_HOMEWORK_1\164_HOMEWORK_1\Demirel_HasanKerem.cpp(315,37): warning C4244: 'argument': conversion from 'int' to 'GLfloat', possible loss of data
C:\Users\sabri\source\repos\164_HOMEWORK_1\164_HOMEWORK_1\Demirel_HasanKerem.cpp(315,18): warning C4244: 'argument': conversion from 'int' to 'GLfloat', possible loss of data
C:\Users\sabri\source\repos\164_HOMEWORK_1\164_HOMEWORK_1\Demirel_HasanKerem.cpp(339,46): warning C4305: 'argument': truncation from 'double' to 'GLfloat'
C:\Users\sabri\source\repos\164_HOMEWORK_1\164_HOMEWORK_1\Demirel_HasanKerem.cpp(341,68): warning C4244: 'argument': conversion from 'int' to 'GLfloat', possible loss of data
C:\Users\sabri\source\repos\164_HOMEWORK_1\164_HOMEWORK_1\Demirel_HasanKerem.cpp(341,51): warning C4244: 'argument': conversion from 'int' to 'GLfloat', possible loss of data
C:\Users\sabri\source\repos\164_HOMEWORK_1\164_HOMEWORK_1\Demirel_HasanKerem.cpp(341,33): warning C4244: 'argument': conversion from 'int' to 'GLfloat', possible loss of data
C:\Users\sabri\source\repos\164_HOMEWORK_1\164_HOMEWORK_1\Demirel_HasanKerem.cpp(341,16): warning C4244: 'argument': conversion from 'int' to 'GLfloat', possible loss of data
C:\Users\sabri\source\repos\164_HOMEWORK_1\164_HOMEWORK_1\Demirel_HasanKerem.cpp(355,39): warning C4305: 'argument': truncation from 'double' to 'GLfloat'
C:\Users\sabri\source\repos\164_HOMEWORK_1\164_HOMEWORK_1\Demirel_HasanKerem.cpp(357,38): warning C4305: 'argument': truncation from 'double' to 'GLfloat'
C:\Users\sabri\source\repos\164_HOMEWORK_1\164_HOMEWORK_1\Demirel_HasanKerem.cpp(359,39): warning C4305: 'argument': truncation from 'double' to 'GLfloat'
C:\Users\sabri\source\repos\164_HOMEWORK_1\164_HOMEWORK_1\Demirel_HasanKerem.cpp(364,39): warning C4305: 'argument': truncation from 'double' to 'GLfloat'
C:\Users\sabri\source\repos\164_HOMEWORK_1\164_HOMEWORK_1\Demirel_HasanKerem.cpp(366,38): warning C4305: 'argument': truncation from 'double' to 'GLfloat'
C:\Users\sabri\source\repos\164_HOMEWORK_1\164_HOMEWORK_1\Demirel_HasanKerem.cpp(368,39): warning C4305: 'argument': truncation from 'double' to 'GLfloat'
C:\Users\sabri\source\repos\164_HOMEWORK_1\164_HOMEWORK_1\Demirel_HasanKerem.cpp(370,38): warning C4305: 'argument': truncation from 'double' to 'GLfloat'
C:\Users\sabri\source\repos\164_HOMEWORK_1\164_HOMEWORK_1\Demirel_HasanKerem.cpp(400,34): warning C4244: 'argument': conversion from 'double' to 'int', possible loss of data
C:\Users\sabri\source\repos\164_HOMEWORK_1\164_HOMEWORK_1\Demirel_HasanKerem.cpp(418,31): warning C4305: 'argument': truncation from 'double' to 'GLfloat'
C:\Users\sabri\source\repos\164_HOMEWORK_1\164_HOMEWORK_1\Demirel_HasanKerem.cpp(426,29): warning C4244: 'argument': conversion from 'int' to 'GLfloat', possible loss of data
C:\Users\sabri\source\repos\164_HOMEWORK_1\164_HOMEWORK_1\Demirel_HasanKerem.cpp(426,20): warning C4244: 'argument': conversion from 'int' to 'GLfloat', possible loss of data
C:\Users\sabri\source\repos\164_HOMEWORK_1\164_HOMEWORK_1\Demirel_HasanKerem.cpp(427,30): warning C4244: 'argument': conversion from 'int' to 'GLfloat', possible loss of data
C:\Users\sabri\source\repos\164_HOMEWORK_1\164_HOMEWORK_1\Demirel_HasanKerem.cpp(427,20): warning C4244: 'argument': conversion from 'int' to 'GLfloat', possible loss of data
C:\Users\sabri\source\repos\164_HOMEWORK_1\164_HOMEWORK_1\Demirel_HasanKerem.cpp(433,29): warning C4244: 'argument': conversion from 'int' to 'GLfloat', possible loss of data
C:\Users\sabri\source\repos\164_HOMEWORK_1\164_HOMEWORK_1\Demirel_HasanKerem.cpp(433,20): warning C4244: 'argument': conversion from 'int' to 'GLfloat', possible loss of data
C:\Users\sabri\source\repos\164_HOMEWORK_1\164_HOMEWORK_1\Demirel_HasanKerem.cpp(434,30): warning C4244: 'argument': conversion from 'int' to 'GLfloat', possible loss of data
C:\Users\sabri\source\repos\164_HOMEWORK_1\164_HOMEWORK_1\Demirel_HasanKerem.cpp(434,20): warning C4244: 'argument': conversion from 'int' to 'GLfloat', possible loss of data
C:\Users\sabri\source\repos\164_HOMEWORK_1\164_HOMEWORK_1\Demirel_HasanKerem.cpp(441,30): warning C4244: 'argument': conversion from 'int' to 'GLfloat', possible loss of data
C:\Users\sabri\source\repos\164_HOMEWORK_1\164_HOMEWORK_1\Demirel_HasanKerem.cpp(441,20): warning C4244: 'argument': conversion from 'int' to 'GLfloat', possible loss of data
C:\Users\sabri\source\repos\164_HOMEWORK_1\164_HOMEWORK_1\Demirel_HasanKerem.cpp(442,30): warning C4244: 'argument': conversion from 'int' to 'GLfloat', possible loss of data
C:\Users\sabri\source\repos\164_HOMEWORK_1\164_HOMEWORK_1\Demirel_HasanKerem.cpp(442,20): warning C4244: 'argument': conversion from 'int' to 'GLfloat', possible loss of data
C:\Users\sabri\source\repos\164_HOMEWORK_1\164_HOMEWORK_1\Demirel_HasanKerem.cpp(448,30): warning C4244: 'argument': conversion from 'int' to 'GLfloat', possible loss of data
C:\Users\sabri\source\repos\164_HOMEWORK_1\164_HOMEWORK_1\Demirel_HasanKerem.cpp(448,20): warning C4244: 'argument': conversion from 'int' to 'GLfloat', possible loss of data
C:\Users\sabri\source\repos\164_HOMEWORK_1\164_HOMEWORK_1\Demirel_HasanKerem.cpp(449,30): warning C4244: 'argument': conversion from 'int' to 'GLfloat', possible loss of data
C:\Users\sabri\source\repos\164_HOMEWORK_1\164_HOMEWORK_1\Demirel_HasanKerem.cpp(449,20): warning C4244: 'argument': conversion from 'int' to 'GLfloat', possible loss of data
C:\Users\sabri\source\repos\164_HOMEWORK_1\164_HOMEWORK_1\Demirel_HasanKerem.cpp(460,21): warning C4244: 'argument': conversion from 'int' to 'GLfloat', possible loss of data
C:\Users\sabri\source\repos\164_HOMEWORK_1\164_HOMEWORK_1\Demirel_HasanKerem.cpp(460,16): warning C4244: 'argument': conversion from 'int' to 'GLfloat', possible loss of data
C:\Users\sabri\source\repos\164_HOMEWORK_1\164_HOMEWORK_1\Demirel_HasanKerem.cpp(461,30): warning C4244: 'argument': conversion from 'int' to 'GLfloat', possible loss of data
C:\Users\sabri\source\repos\164_HOMEWORK_1\164_HOMEWORK_1\Demirel_HasanKerem.cpp(461,20): warning C4244: 'argument': conversion from 'int' to 'GLfloat', possible loss of data
C:\Users\sabri\source\repos\164_HOMEWORK_1\164_HOMEWORK_1\Demirel_HasanKerem.cpp(468,47): warning C4305: 'argument': truncation from 'double' to 'GLfloat'
C:\Users\sabri\source\repos\164_HOMEWORK_1\164_HOMEWORK_1\Demirel_HasanKerem.cpp(469,88): warning C4244: 'argument': conversion from 'int' to 'GLfloat', possible loss of data
C:\Users\sabri\source\repos\164_HOMEWORK_1\164_HOMEWORK_1\Demirel_HasanKerem.cpp(469,64): warning C4244: 'argument': conversion from 'int' to 'GLfloat', possible loss of data
C:\Users\sabri\source\repos\164_HOMEWORK_1\164_HOMEWORK_1\Demirel_HasanKerem.cpp(469,40): warning C4244: 'argument': conversion from 'int' to 'GLfloat', possible loss of data
C:\Users\sabri\source\repos\164_HOMEWORK_1\164_HOMEWORK_1\Demirel_HasanKerem.cpp(469,16): warning C4244: 'argument': conversion from 'int' to 'GLfloat', possible loss of data
C:\Users\sabri\source\repos\164_HOMEWORK_1\164_HOMEWORK_1\Demirel_HasanKerem.cpp(472,93): warning C4244: 'argument': conversion from 'int' to 'GLfloat', possible loss of data
C:\Users\sabri\source\repos\164_HOMEWORK_1\164_HOMEWORK_1\Demirel_HasanKerem.cpp(472,69): warning C4244: 'argument': conversion from 'int' to 'GLfloat', possible loss of data
C:\Users\sabri\source\repos\164_HOMEWORK_1\164_HOMEWORK_1\Demirel_HasanKerem.cpp(472,40): warning C4244: 'argument': conversion from 'int' to 'GLfloat', possible loss of data
C:\Users\sabri\source\repos\164_HOMEWORK_1\164_HOMEWORK_1\Demirel_HasanKerem.cpp(472,16): warning C4244: 'argument': conversion from 'int' to 'GLfloat', possible loss of data
C:\Users\sabri\source\repos\164_HOMEWORK_1\164_HOMEWORK_1\Demirel_HasanKerem.cpp(474,49): warning C4305: 'argument': truncation from 'double' to 'GLfloat'
C:\Users\sabri\source\repos\164_HOMEWORK_1\164_HOMEWORK_1\Demirel_HasanKerem.cpp(477,49): warning C4305: 'argument': truncation from 'double' to 'GLfloat'
C:\Users\sabri\source\repos\164_HOMEWORK_1\164_HOMEWORK_1\Demirel_HasanKerem.cpp(480,29): warning C4244: 'argument': conversion from 'int' to 'GLfloat', possible loss of data
C:\Users\sabri\source\repos\164_HOMEWORK_1\164_HOMEWORK_1\Demirel_HasanKerem.cpp(480,19): warning C4244: 'argument': conversion from 'int' to 'GLfloat', possible loss of data
C:\Users\sabri\source\repos\164_HOMEWORK_1\164_HOMEWORK_1\Demirel_HasanKerem.cpp(481,29): warning C4244: 'argument': conversion from 'int' to 'GLfloat', possible loss of data
C:\Users\sabri\source\repos\164_HOMEWORK_1\164_HOMEWORK_1\Demirel_HasanKerem.cpp(481,19): warning C4244: 'argument': conversion from 'int' to 'GLfloat', possible loss of data
C:\Users\sabri\source\repos\164_HOMEWORK_1\164_HOMEWORK_1\Demirel_HasanKerem.cpp(484,49): warning C4305: 'argument': truncation from 'double' to 'GLfloat'
C:\Users\sabri\source\repos\164_HOMEWORK_1\164_HOMEWORK_1\Demirel_HasanKerem.cpp(487,49): warning C4305: 'argument': truncation from 'double' to 'GLfloat'
C:\Users\sabri\source\repos\164_HOMEWORK_1\164_HOMEWORK_1\Demirel_HasanKerem.cpp(490,29): warning C4244: 'argument': conversion from 'int' to 'GLfloat', possible loss of data
C:\Users\sabri\source\repos\164_HOMEWORK_1\164_HOMEWORK_1\Demirel_HasanKerem.cpp(490,19): warning C4244: 'argument': conversion from 'int' to 'GLfloat', possible loss of data
C:\Users\sabri\source\repos\164_HOMEWORK_1\164_HOMEWORK_1\Demirel_HasanKerem.cpp(491,29): warning C4244: 'argument': conversion from 'int' to 'GLfloat', possible loss of data
C:\Users\sabri\source\repos\164_HOMEWORK_1\164_HOMEWORK_1\Demirel_HasanKerem.cpp(491,19): warning C4244: 'argument': conversion from 'int' to 'GLfloat', possible loss of data
C:\Users\sabri\source\repos\164_HOMEWORK_1\164_HOMEWORK_1\Demirel_HasanKerem.cpp(494,49): warning C4305: 'argument': truncation from 'double' to 'GLfloat'
C:\Users\sabri\source\repos\164_HOMEWORK_1\164_HOMEWORK_1\Demirel_HasanKerem.cpp(497,49): warning C4305: 'argument': truncation from 'double' to 'GLfloat'
C:\Users\sabri\source\repos\164_HOMEWORK_1\164_HOMEWORK_1\Demirel_HasanKerem.cpp(500,29): warning C4244: 'argument': conversion from 'int' to 'GLfloat', possible loss of data
C:\Users\sabri\source\repos\164_HOMEWORK_1\164_HOMEWORK_1\Demirel_HasanKerem.cpp(500,19): warning C4244: 'argument': conversion from 'int' to 'GLfloat', possible loss of data
C:\Users\sabri\source\repos\164_HOMEWORK_1\164_HOMEWORK_1\Demirel_HasanKerem.cpp(501,29): warning C4244: 'argument': conversion from 'int' to 'GLfloat', possible loss of data
C:\Users\sabri\source\repos\164_HOMEWORK_1\164_HOMEWORK_1\Demirel_HasanKerem.cpp(501,19): warning C4244: 'argument': conversion from 'int' to 'GLfloat', possible loss of data
C:\Users\sabri\source\repos\164_HOMEWORK_1\164_HOMEWORK_1\Demirel_HasanKerem.cpp(504,49): warning C4305: 'argument': truncation from 'double' to 'GLfloat'
C:\Users\sabri\source\repos\164_HOMEWORK_1\164_HOMEWORK_1\Demirel_HasanKerem.cpp(507,49): warning C4305: 'argument': truncation from 'double' to 'GLfloat'
C:\Users\sabri\source\repos\164_HOMEWORK_1\164_HOMEWORK_1\Demirel_HasanKerem.cpp(510,29): warning C4244: 'argument': conversion from 'int' to 'GLfloat', possible loss of data
C:\Users\sabri\source\repos\164_HOMEWORK_1\164_HOMEWORK_1\Demirel_HasanKerem.cpp(510,19): warning C4244: 'argument': conversion from 'int' to 'GLfloat', possible loss of data
C:\Users\sabri\source\repos\164_HOMEWORK_1\164_HOMEWORK_1\Demirel_HasanKerem.cpp(511,29): warning C4244: 'argument': conversion from 'int' to 'GLfloat', possible loss of data
C:\Users\sabri\source\repos\164_HOMEWORK_1\164_HOMEWORK_1\Demirel_HasanKerem.cpp(511,19): warning C4244: 'argument': conversion from 'int' to 'GLfloat', possible loss of data
C:\Users\sabri\source\repos\164_HOMEWORK_1\164_HOMEWORK_1\Demirel_HasanKerem.cpp(521,55): warning C4305: 'argument': truncation from 'double' to 'GLclampf'
C:\Users\sabri\source\repos\164_HOMEWORK_1\164_HOMEWORK_1\Demirel_HasanKerem.cpp(527,53): warning C4305: 'argument': truncation from 'double' to 'GLfloat'
C:\Users\sabri\source\repos\164_HOMEWORK_1\164_HOMEWORK_1\Demirel_HasanKerem.cpp(529,25): warning C4244: 'argument': conversion from 'int' to 'GLfloat', possible loss of data
C:\Users\sabri\source\repos\164_HOMEWORK_1\164_HOMEWORK_1\Demirel_HasanKerem.cpp(530,25): warning C4244: 'argument': conversion from 'int' to 'GLfloat', possible loss of data
C:\Users\sabri\source\repos\164_HOMEWORK_1\164_HOMEWORK_1\Demirel_HasanKerem.cpp(536,49): warning C4305: 'argument': truncation from 'double' to 'GLfloat'
C:\Users\sabri\source\repos\164_HOMEWORK_1\164_HOMEWORK_1\Demirel_HasanKerem.cpp(546,15): warning C4244: 'argument': conversion from 'time_t' to 'unsigned int', possible loss of data
C:\Users\sabri\source\repos\164_HOMEWORK_1\164_HOMEWORK_1\Demirel_HasanKerem.cpp(758,35): warning C4326: return type of 'main' should be 'int' instead of 'void'
  164_HOMEWORK_1.vcxproj -> C:\Users\sabri\source\repos\164_HOMEWORK_1\Debug\164_HOMEWORK_1.exe
